<?xml version="1.0" encoding="UTF-8"?>
<!-- Generated by org.testng.reporters.JUnitReportReporter -->
<testsuite skipped="0" hostname="DESKTOP-PONJFP7" name="sampleRequest.createUserTest" tests="2" failures="0" timestamp="01 Oct 2021 15:16:00 GMT" time="2.402" errors="0">
  <testcase name="createUser" time="1.951" classname="sampleRequest.createUserTest"/>
  <testcase name="testResponseCode" time="0.451" classname="sampleRequest.createUserTest"/>
</testsuite> <!-- sampleRequest.createUserTest -->
