<?xml version="1.0" encoding="UTF-8"?>
<!-- Generated by org.testng.reporters.JUnitReportReporter -->
<testsuite skipped="0" hostname="DESKTOP-PONJFP7" name="getRequest.createUser" tests="1" failures="0" timestamp="29 Sep 2021 15:14:07 GMT" time="2.343" errors="0">
  <testcase name="testResponseCode" time="2.343" classname="getRequest.createUser"/>
</testsuite> <!-- getRequest.createUser -->
