<?xml version="1.0" encoding="UTF-8"?>
<!-- Generated by org.testng.reporters.JUnitReportReporter -->
<testsuite hostname="Amits-Air.domain.name" failures="0" tests="5" name="sampleRequest.GORESTAPI" time="10.264" errors="0" timestamp="2024-09-13T21:37:05 IST" skipped="0">
  <testcase classname="sampleRequest.GORESTAPI" name="getAllUsers" time="3.816"/>
  <system-out/>
  <testcase classname="sampleRequest.GORESTAPI" name="createUser" time="2.497"/>
  <system-out/>
  <testcase classname="sampleRequest.GORESTAPI" name="getUser" time="1.093"/>
  <system-out/>
  <testcase classname="sampleRequest.GORESTAPI" name="updateUser" time="1.736"/>
  <system-out/>
  <testcase classname="sampleRequest.GORESTAPI" name="deleteUser" time="1.122"/>
  <system-out/>
</testsuite> <!-- sampleRequest.GORESTAPI -->
