<?xml version="1.0" encoding="UTF-8"?>
<!-- Generated by org.testng.reporters.JUnitReportReporter -->
<testsuite skipped="0" hostname="DESKTOP-PONJFP7" name="getRequest.getRequest" tests="2" failures="0" timestamp="29 Sep 2021 15:22:57 GMT" time="4.930" errors="0">
  <testcase name="A_testResponseCode" time="3.687" classname="getRequest.getRequest"/>
  <testcase name="B_createUser" time="1.243" classname="getRequest.getRequest"/>
</testsuite> <!-- getRequest.getRequest -->
