<?xml version="1.0" encoding="UTF-8"?>
<!-- Generated by org.testng.reporters.JUnitReportReporter -->
<testsuite skipped="0" hostname="DESKTOP-PONJFP7" name="sampleRequest.getRequestTest" tests="4" failures="0" timestamp="01 Oct 2021 16:21:01 GMT" time="5.305" errors="0">
  <testcase name="getToken" time="3.096" classname="sampleRequest.getRequestTest"/>
  <testcase name="createUser" time="1.081" classname="sampleRequest.getRequestTest"/>
  <testcase name="getUser" time="0.434" classname="sampleRequest.getRequestTest"/>
  <testcase name="updatUser" time="0.694" classname="sampleRequest.getRequestTest"/>
</testsuite> <!-- sampleRequest.getRequestTest -->
